Log file open, 03/25/17 14:51:18
LogInit:Display: Running engine for game: Mines2
LogPlatformFile: Not using cached read wrapper
LogInit:Display: RandInit(1669376038) SRandInit(1669376039).
LogTaskGraph: Started task graph with 5 named threads and 6 total threads with 1 sets of task threads.
LogStats: Stats thread started at 3.889890
LogPluginManager: Loaded Plugin Paper2D, From C:/Program Files (x86)/Epic Games/4.14/Engine/Plugins/2D/Paper2D/Paper2D.uplugin
LogPluginManager: Loaded Plugin LightPropagationVolume, From C:/Program Files (x86)/Epic Games/4.14/Engine/Plugins/Blendables/LightPropagationVolume/LightPropagationVolume.uplugin
LogPluginManager: Loaded Plugin BlankPlugin, From C:/Program Files (x86)/Epic Games/4.14/Engine/Plugins/Developer/BlankPlugin/BlankPlugin.uplugin
LogPluginManager: Loaded Plugin CodeLiteSourceCodeAccess, From C:/Program Files (x86)/Epic Games/4.14/Engine/Plugins/Developer/CodeLiteSourceCodeAccess/CodeLiteSourceCodeAccess.uplugin
LogPluginManager: Loaded Plugin GitSourceControl, From C:/Program Files (x86)/Epic Games/4.14/Engine/Plugins/Developer/GitSourceControl/GitSourceControl.uplugin
LogPluginManager: Loaded Plugin KDevelopSourceCodeAccess, From C:/Program Files (x86)/Epic Games/4.14/Engine/Plugins/Developer/KDevelopSourceCodeAccess/KDevelopSourceCodeAccess.uplugin
LogPluginManager: Loaded Plugin NullSourceCodeAccess, From C:/Program Files (x86)/Epic Games/4.14/Engine/Plugins/Developer/NullSourceCodeAccess/NullSourceCodeAccess.uplugin
LogPluginManager: Loaded Plugin OneSkyLocalizationService, From C:/Program Files (x86)/Epic Games/4.14/Engine/Plugins/Developer/OneSkyLocalizationService/OneSkyLocalizationService.uplugin
LogPluginManager: Loaded Plugin PerforceSourceControl, From C:/Program Files (x86)/Epic Games/4.14/Engine/Plugins/Developer/PerforceSourceControl/PerforceSourceControl.uplugin
LogPluginManager: Loaded Plugin SubversionSourceControl, From C:/Program Files (x86)/Epic Games/4.14/Engine/Plugins/Developer/SubversionSourceControl/SubversionSourceControl.uplugin
LogPluginManager: Loaded Plugin UObjectPlugin, From C:/Program Files (x86)/Epic Games/4.14/Engine/Plugins/Developer/UObjectPlugin/UObjectPlugin.uplugin
LogPluginManager: Loaded Plugin VisualStudioSourceCodeAccess, From C:/Program Files (x86)/Epic Games/4.14/Engine/Plugins/Developer/VisualStudioSourceCodeAccess/VisualStudioSourceCodeAccess.uplugin
LogPluginManager: Loaded Plugin XCodeSourceCodeAccess, From C:/Program Files (x86)/Epic Games/4.14/Engine/Plugins/Developer/XCodeSourceCodeAccess/XCodeSourceCodeAccess.uplugin
LogPluginManager: Loaded Plugin AudioCapture, From C:/Program Files (x86)/Epic Games/4.14/Engine/Plugins/Editor/AudioCapture/AudioCapture.uplugin
LogPluginManager: Loaded Plugin EpicSurvey, From C:/Program Files (x86)/Epic Games/4.14/Engine/Plugins/Editor/EpicSurvey/EpicSurvey.uplugin
LogPluginManager: Loaded Plugin MacGraphicsSwitching, From C:/Program Files (x86)/Epic Games/4.14/Engine/Plugins/Editor/MacGraphicsSwitching/MacGraphicsSwitching.uplugin
LogPluginManager: Loaded Plugin MobileLauncherProfileWizard, From C:/Program Files (x86)/Epic Games/4.14/Engine/Plugins/Editor/MobileLauncherProfileWizard/MobileLauncherProfileWizard.uplugin
LogPluginManager: Loaded Plugin PluginBrowser, From C:/Program Files (x86)/Epic Games/4.14/Engine/Plugins/Editor/PluginBrowser/PluginBrowser.uplugin
LogPluginManager: Loaded Plugin SpeedTreeImporter, From C:/Program Files (x86)/Epic Games/4.14/Engine/Plugins/Editor/SpeedTreeImporter/SpeedTreeImporter.uplugin
LogPluginManager: Loaded Plugin SuperSearchEditor, From C:/Program Files (x86)/Epic Games/4.14/Engine/Plugins/Editor/SuperSearchEditor/SuperSearchEditor.uplugin
LogPluginManager: Loaded Plugin AlembicImporter, From C:/Program Files (x86)/Epic Games/4.14/Engine/Plugins/Experimental/AlembicImporter/AlembicImporter.uplugin
LogPluginManager: Loaded Plugin BlueprintStats, From C:/Program Files (x86)/Epic Games/4.14/Engine/Plugins/Experimental/BlueprintStats/BlueprintStats.uplugin
LogPluginManager: Loaded Plugin CharacterAI, From C:/Program Files (x86)/Epic Games/4.14/Engine/Plugins/Experimental/CharacterAI/CharacterAI.uplugin
LogPluginManager: Loaded Plugin CodeEditor, From C:/Program Files (x86)/Epic Games/4.14/Engine/Plugins/Experimental/CodeEditor/CodeEditor.uplugin
LogPluginManager: Loaded Plugin CodeView, From C:/Program Files (x86)/Epic Games/4.14/Engine/Plugins/Experimental/CodeView/CodeView.uplugin
LogPluginManager: Loaded Plugin HTML5Networking, From C:/Program Files (x86)/Epic Games/4.14/Engine/Plugins/Experimental/HTML5Networking/HTML5Networking.uplugin
LogPluginManager: Loaded Plugin OSVR, From C:/Program Files (x86)/Epic Games/4.14/Engine/Plugins/Experimental/OSVR/OSVR.uplugin
LogPluginManager: Loaded Plugin Phya, From C:/Program Files (x86)/Epic Games/4.14/Engine/Plugins/Experimental/Phya/Phya.uplugin
LogPluginManager: Loaded Plugin SignificanceManager, From C:/Program Files (x86)/Epic Games/4.14/Engine/Plugins/Experimental/SignificanceManager/SignificanceManager.uplugin
LogPluginManager: Loaded Plugin SimpleHMD, From C:/Program Files (x86)/Epic Games/4.14/Engine/Plugins/Experimental/SimpleHMD/SimpleHMD.uplugin
LogPluginManager: Loaded Plugin StereoPanorama, From C:/Program Files (x86)/Epic Games/4.14/Engine/Plugins/Experimental/StereoPanorama/StereoPanorama.uplugin
LogPluginManager: Loaded Plugin StructBox, From C:/Program Files (x86)/Epic Games/4.14/Engine/Plugins/Experimental/StructBox/StructBox.uplugin
LogPluginManager: Loaded Plugin AndroidMedia, From C:/Program Files (x86)/Epic Games/4.14/Engine/Plugins/Media/AndroidMedia/AndroidMedia.uplugin
LogPluginManager: Loaded Plugin AvfMedia, From C:/Program Files (x86)/Epic Games/4.14/Engine/Plugins/Media/AvfMedia/AvfMedia.uplugin
LogPluginManager: Loaded Plugin MediaPlayerEditor, From C:/Program Files (x86)/Epic Games/4.14/Engine/Plugins/Media/MediaPlayerEditor/MediaPlayerEditor.uplugin
LogPluginManager: Loaded Plugin WmfMedia, From C:/Program Files (x86)/Epic Games/4.14/Engine/Plugins/Media/WmfMedia/WmfMedia.uplugin
LogPluginManager: Loaded Plugin MessagingDebugger, From C:/Program Files (x86)/Epic Games/4.14/Engine/Plugins/Messaging/MessagingDebugger/MessagingDebugger.uplugin
LogPluginManager: Loaded Plugin TcpMessaging, From C:/Program Files (x86)/Epic Games/4.14/Engine/Plugins/Messaging/TcpMessaging/TcpMessaging.uplugin
LogPluginManager: Loaded Plugin UdpMessaging, From C:/Program Files (x86)/Epic Games/4.14/Engine/Plugins/Messaging/UdpMessaging/UdpMessaging.uplugin
LogPluginManager: Loaded Plugin LevelSequenceEditor, From C:/Program Files (x86)/Epic Games/4.14/Engine/Plugins/MovieScene/LevelSequenceEditor/LevelSequenceEditor.uplugin
LogPluginManager: Loaded Plugin MatineeToLevelSequence, From C:/Program Files (x86)/Epic Games/4.14/Engine/Plugins/MovieScene/MatineeToLevelSequence/MatineeToLevelSequence.uplugin
LogPluginManager: Loaded Plugin NetcodeUnitTest, From C:/Program Files (x86)/Epic Games/4.14/Engine/Plugins/NetcodeUnitTest/NetcodeUnitTest/NetcodeUnitTest.uplugin
LogPluginManager: Loaded Plugin NUTUnrealEngine4, From C:/Program Files (x86)/Epic Games/4.14/Engine/Plugins/NetcodeUnitTest/NUTUnrealEngine4/NUTUnrealEngine4.uplugin
LogPluginManager: Loaded Plugin OnlineSubsystemGameCircle, From C:/Program Files (x86)/Epic Games/4.14/Engine/Plugins/Online/Android/OnlineSubsystemGameCircle/OnlineSubsystemGameCircle.uplugin
LogPluginManager: Loaded Plugin OnlineSubsystemGooglePlay, From C:/Program Files (x86)/Epic Games/4.14/Engine/Plugins/Online/Android/OnlineSubsystemGooglePlay/OnlineSubsystemGooglePlay.uplugin
LogPluginManager: Loaded Plugin OnlineSubsystemIOS, From C:/Program Files (x86)/Epic Games/4.14/Engine/Plugins/Online/IOS/OnlineSubsystemIOS/OnlineSubsystemIOS.uplugin
LogPluginManager: Loaded Plugin OnlineFramework, From C:/Program Files (x86)/Epic Games/4.14/Engine/Plugins/Online/OnlineFramework/OnlineFramework.uplugin
LogPluginManager: Loaded Plugin OnlineSubsystem, From C:/Program Files (x86)/Epic Games/4.14/Engine/Plugins/Online/OnlineSubsystem/OnlineSubsystem.uplugin
LogPluginManager: Loaded Plugin OnlineSubsystemAmazon, From C:/Program Files (x86)/Epic Games/4.14/Engine/Plugins/Online/OnlineSubsystemAmazon/OnlineSubsystemAmazon.uplugin
LogPluginManager: Loaded Plugin OnlineSubsystemFacebook, From C:/Program Files (x86)/Epic Games/4.14/Engine/Plugins/Online/OnlineSubsystemFacebook/OnlineSubsystemFacebook.uplugin
LogPluginManager: Loaded Plugin OnlineSubsystemNull, From C:/Program Files (x86)/Epic Games/4.14/Engine/Plugins/Online/OnlineSubsystemNull/OnlineSubsystemNull.uplugin
LogPluginManager: Loaded Plugin OnlineSubsystemOculus, From C:/Program Files (x86)/Epic Games/4.14/Engine/Plugins/Online/OnlineSubsystemOculus/OnlineSubsystemOculus.uplugin
LogPluginManager: Loaded Plugin OnlineSubsystemSteam, From C:/Program Files (x86)/Epic Games/4.14/Engine/Plugins/Online/OnlineSubsystemSteam/OnlineSubsystemSteam.uplugin
LogPluginManager: Loaded Plugin OnlineSubsystemUtils, From C:/Program Files (x86)/Epic Games/4.14/Engine/Plugins/Online/OnlineSubsystemUtils/OnlineSubsystemUtils.uplugin
LogPluginManager: Loaded Plugin IOSTapJoy, From C:/Program Files (x86)/Epic Games/4.14/Engine/Plugins/Runtime/Advertising/IOSTapJoy/IOSTapJoy.uplugin
LogPluginManager: Loaded Plugin AnalyticsBlueprintLibrary, From C:/Program Files (x86)/Epic Games/4.14/Engine/Plugins/Runtime/Analytics/AnalyticsBlueprintLibrary/AnalyticsBlueprintLibrary.uplugin
LogPluginManager: Loaded Plugin AnalyticsMulticast, From C:/Program Files (x86)/Epic Games/4.14/Engine/Plugins/Runtime/Analytics/AnalyticsMulticast/AnalyticsMulticast.uplugin
LogPluginManager: Loaded Plugin Apsalar, From C:/Program Files (x86)/Epic Games/4.14/Engine/Plugins/Runtime/Analytics/Apsalar/Apsalar.uplugin
LogPluginManager: Loaded Plugin FileLogging, From C:/Program Files (x86)/Epic Games/4.14/Engine/Plugins/Runtime/Analytics/FileLogging/FileLogging.uplugin
LogPluginManager: Loaded Plugin Flurry, From C:/Program Files (x86)/Epic Games/4.14/Engine/Plugins/Runtime/Analytics/Flurry/Flurry.uplugin
LogPluginManager: Loaded Plugin AndroidDeviceProfileSelector, From C:/Program Files (x86)/Epic Games/4.14/Engine/Plugins/Runtime/AndroidDeviceProfileSelector/AndroidDeviceProfileSelector.uplugin
LogPluginManager: Loaded Plugin AndroidMoviePlayer, From C:/Program Files (x86)/Epic Games/4.14/Engine/Plugins/Runtime/AndroidMoviePlayer/AndroidMoviePlayer.uplugin
LogPluginManager: Loaded Plugin AppleMoviePlayer, From C:/Program Files (x86)/Epic Games/4.14/Engine/Plugins/Runtime/AppleMoviePlayer/AppleMoviePlayer.uplugin
LogPluginManager: Loaded Plugin ArchVisCharacter, From C:/Program Files (x86)/Epic Games/4.14/Engine/Plugins/Runtime/ArchVisCharacter/ArchVisCharacter.uplugin
LogPluginManager: Loaded Plugin CableComponent, From C:/Program Files (x86)/Epic Games/4.14/Engine/Plugins/Runtime/CableComponent/CableComponent.uplugin
LogPluginManager: Loaded Plugin CustomMeshComponent, From C:/Program Files (x86)/Epic Games/4.14/Engine/Plugins/Runtime/CustomMeshComponent/CustomMeshComponent.uplugin
LogPluginManager: Loaded Plugin ExampleDeviceProfileSelector, From C:/Program Files (x86)/Epic Games/4.14/Engine/Plugins/Runtime/ExampleDeviceProfileSelector/ExampleDeviceProfileSelector.uplugin
LogPluginManager: Loaded Plugin GearVR, From C:/Program Files (x86)/Epic Games/4.14/Engine/Plugins/Runtime/GearVR/GearVR.uplugin
LogPluginManager: Loaded Plugin GoogleVRController, From C:/Program Files (x86)/Epic Games/4.14/Engine/Plugins/Runtime/GoogleVR/GoogleVRController/GoogleVRController.uplugin
LogPluginManager: Loaded Plugin GoogleVRHMD, From C:/Program Files (x86)/Epic Games/4.14/Engine/Plugins/Runtime/GoogleVR/GoogleVRHMD/GoogleVRHMD.uplugin
LogPluginManager: Loaded Plugin IOSDeviceProfileSelector, From C:/Program Files (x86)/Epic Games/4.14/Engine/Plugins/Runtime/IOSDeviceProfileSelector/IOSDeviceProfileSelector.uplugin
LogPluginManager: Loaded Plugin LeapMotion, From C:/Program Files (x86)/Epic Games/4.14/Engine/Plugins/Runtime/LeapMotion/LeapMotion.uplugin
LogPluginManager: Loaded Plugin LinuxDeviceProfileSelector, From C:/Program Files (x86)/Epic Games/4.14/Engine/Plugins/Runtime/LinuxDeviceProfileSelector/LinuxDeviceProfileSelector.uplugin
LogPluginManager: Loaded Plugin MIDIDevice, From C:/Program Files (x86)/Epic Games/4.14/Engine/Plugins/Runtime/MIDIDevice/MIDIDevice.uplugin
LogPluginManager: Loaded Plugin MobilePatchingUtils, From C:/Program Files (x86)/Epic Games/4.14/Engine/Plugins/Runtime/MobilePatchingUtils/MobilePatchingUtils.uplugin
LogPluginManager: Loaded Plugin Ansel, From C:/Program Files (x86)/Epic Games/4.14/Engine/Plugins/Runtime/Nvidia/Ansel/Ansel.uplugin
LogPluginManager: Loaded Plugin OculusAudio, From C:/Program Files (x86)/Epic Games/4.14/Engine/Plugins/Runtime/OculusAudio/OculusAudio.uplugin
LogPluginManager: Loaded Plugin OculusInput, From C:/Program Files (x86)/Epic Games/4.14/Engine/Plugins/Runtime/OculusInput/OculusInput.uplugin
LogPluginManager: Loaded Plugin OculusLibrary, From C:/Program Files (x86)/Epic Games/4.14/Engine/Plugins/Runtime/OculusLibrary/OculusLibrary.uplugin
LogPluginManager: Loaded Plugin OculusRift, From C:/Program Files (x86)/Epic Games/4.14/Engine/Plugins/Runtime/OculusRift/OculusRift.uplugin
LogPluginManager: Loaded Plugin Oodle, From C:/Program Files (x86)/Epic Games/4.14/Engine/Plugins/Runtime/PacketHandlers/CompressionComponents/Oodle/Oodle.uplugin
LogPluginManager: Loaded Plugin ProceduralMeshComponent, From C:/Program Files (x86)/Epic Games/4.14/Engine/Plugins/Runtime/ProceduralMeshComponent/ProceduralMeshComponent.uplugin
LogPluginManager: Loaded Plugin SoundMod, From C:/Program Files (x86)/Epic Games/4.14/Engine/Plugins/Runtime/SoundMod/SoundMod.uplugin
LogPluginManager: Loaded Plugin SoundVisualizations, From C:/Program Files (x86)/Epic Games/4.14/Engine/Plugins/Runtime/SoundVisualizations/SoundVisualizations.uplugin
LogPluginManager: Loaded Plugin SteamController, From C:/Program Files (x86)/Epic Games/4.14/Engine/Plugins/Runtime/Steam/SteamController/SteamController.uplugin
LogPluginManager: Loaded Plugin SteamVR, From C:/Program Files (x86)/Epic Games/4.14/Engine/Plugins/Runtime/Steam/SteamVR/SteamVR.uplugin
LogPluginManager: Loaded Plugin WebBrowserWidget, From C:/Program Files (x86)/Epic Games/4.14/Engine/Plugins/Runtime/WebBrowserWidget/WebBrowserWidget.uplugin
LogPluginManager: Loaded Plugin WindowsDeviceProfileSelector, From C:/Program Files (x86)/Epic Games/4.14/Engine/Plugins/Runtime/WindowsDeviceProfileSelector/WindowsDeviceProfileSelector.uplugin
LogPluginManager: Loaded Plugin WindowsMoviePlayer, From C:/Program Files (x86)/Epic Games/4.14/Engine/Plugins/Runtime/WindowsMoviePlayer/WindowsMoviePlayer.uplugin
LogPluginManager: Loaded Plugin ScriptPlugin, From C:/Program Files (x86)/Epic Games/4.14/Engine/Plugins/ScriptPlugin/ScriptPlugin.uplugin
LogPluginManager: Loaded Plugin SlateRemote, From C:/Program Files (x86)/Epic Games/4.14/Engine/Plugins/Slate/SlateRemote/SlateRemote.uplugin
LogPluginManager: Loaded Plugin EditorTests, From C:/Program Files (x86)/Epic Games/4.14/Engine/Plugins/Tests/EditorTests/EditorTests.uplugin
LogPluginManager: Loaded Plugin FbxAutomationTestBuilder, From C:/Program Files (x86)/Epic Games/4.14/Engine/Plugins/Tests/FbxAutomationTestBuilder/FbxAutomationTestBuilder.uplugin
LogPluginManager: Loaded Plugin FunctionalTestingEditor, From C:/Program Files (x86)/Epic Games/4.14/Engine/Plugins/Tests/FunctionalTestingEditor/FunctionalTestingEditor.uplugin
LogPluginManager: Loaded Plugin RuntimeTests, From C:/Program Files (x86)/Epic Games/4.14/Engine/Plugins/Tests/RuntimeTests/RuntimeTests.uplugin
LogPluginManager: Loaded Plugin ScreenshotTools, From C:/Program Files (x86)/Epic Games/4.14/Engine/Plugins/Tests/ScreenshotTools/ScreenshotTools.uplugin
LogInit: Using libcurl 7.47.1
LogInit:  - built for x86_64-pc-win32
LogInit:  - supports SSL with OpenSSL/1.0.2g
LogInit:  - supports HTTP deflate (compression) using libz 1.2.8
LogInit:  - other features:
LogInit:      CURL_VERSION_SSL
LogInit:      CURL_VERSION_LIBZ
LogInit:      CURL_VERSION_IPV6
LogInit:      CURL_VERSION_ASYNCHDNS
LogInit:      CURL_VERSION_LARGEFILE
LogInit:      CURL_VERSION_IDN
LogInit:  CurlRequestOptions (configurable via config and command line):
LogInit:  - bVerifyPeer = false  - Libcurl will NOT verify peer certificate
LogInit:  - bUseHttpProxy = false  - Libcurl will NOT use HTTP proxy
LogInit:  - bDontReuseConnections = false  - Libcurl will reuse connections
LogInit:  - CertBundlePath = nullptr  - Libcurl will use whatever was configured at build time.
LogInit: Build: ++UE4+Release-4.14-CL-3249277
LogInit: Engine Version: 4.14.3-3249277+++UE4+Release-4.14
LogInit: Compatible Engine Version: 4.14.0-3195953+++UE4+Release-4.14
LogInit: Net CL: 3195953
LogDevObjectVersion: Number of dev versions registered: 13
LogDevObjectVersion:   Dev-Blueprints (B0D832E4-1F89-4F0D-ACCF-7EB736FD4AA2): 7
LogDevObjectVersion:   Dev-Build (E1C64328-A22C-4D53-A36C-8E866417BD8C): 0
LogDevObjectVersion:   Dev-Core (375EC13C-06E4-48FB-B500-84F0262A717E): 1
LogDevObjectVersion:   Dev-Editor (E4B068ED-F494-42E9-A231-DA0B2E46BB41): 8
LogDevObjectVersion:   Dev-Framework (CFFC743F-43B0-4480-9391-14DF171D2073): 17
LogDevObjectVersion:   Dev-Mobile (B02B49B5-BB20-44E9-A304-32B752E40360): 0
LogDevObjectVersion:   Dev-Networking (A4E4105C-59A1-49B5-A7C5-40C4547EDFEE): 0
LogDevObjectVersion:   Dev-Online (39C831C9-5AE6-47DC-9A44-9C173E1C8E7C): 0
LogDevObjectVersion:   Dev-Physics (78F01B33-EBEA-4F98-B9B4-84EACCB95AA2): 0
LogDevObjectVersion:   Dev-Platform (6631380F-2D4D-43E0-8009-CF276956A95A): 0
LogDevObjectVersion:   Dev-Rendering (12F88B9F-8875-4AFC-A67C-D90C383ABD29): 12
LogDevObjectVersion:   Dev-Sequencer (7B5AE74C-D270-4C10-A958-57980B212A5A): 1
LogDevObjectVersion:   Dev-VR (D7296918-1DD6-4BDD-9DE2-64A83CC13884): 0
LogInit: Compiled (64-bit): Jan  6 2017 10:49:43
LogInit: Compiled with Visual C++: 19.00.23026.00
LogInit: Build Configuration: Development
LogInit: Branch Name: ++UE4+Release-4.14
LogInit: Command line:  
LogInit: Base directory: C:/Program Files (x86)/Epic Games/4.14/Engine/Binaries/Win64/
LogInit: Installed Engine Build: 1
LogInit: Presizing for max 8388607 objects, including 0 objects not considered by GC, pre-allocating 0 bytes for permanent pool.
LogInit: Object subsystem initialized
[2017.03.25-14.51.20:579][  0]LogInit: Selected Device Profile: [Windows]
[2017.03.25-14.51.20:579][  0]LogInit: Applying CVar settings loaded from the selected device profile: [Windows]
[2017.03.25-14.51.20:835][  0]LogInit: Computer: DESKTOP-510OVK4
[2017.03.25-14.51.20:835][  0]LogInit: User: James
[2017.03.25-14.51.20:835][  0]LogInit: CPU Page size=65536, Cores=2
[2017.03.25-14.51.20:835][  0]LogInit: High frequency timer resolution =3.606725 MHz
[2017.03.25-14.51.20:862][  0]LogMemory: Memory total: Physical=7.9GB (8GB approx)
[2017.03.25-14.51.20:865][  0]LogMemory: Platform Memory Stats for Windows
[2017.03.25-14.51.20:865][  0]LogMemory: Process Physical Memory: 264.04 MB used, 264.04 MB peak
[2017.03.25-14.51.20:865][  0]LogMemory: Process Virtual Memory: 262.37 MB used, 262.37 MB peak
[2017.03.25-14.51.20:865][  0]LogMemory: Physical Memory: 5213.39 MB used,  2924.49 MB free, 8137.88 MB total
[2017.03.25-14.51.20:865][  0]LogMemory: Virtual Memory: 674.76 MB used,  2924.49 MB free, 134217728.00 MB total
[2017.03.25-14.51.22:712][  0]LogTextLocalizationManager: No specific translations for ('en-GB') exist, so ('en') translations will be used.
[2017.03.25-14.51.29:754][  0]LogD3D11RHI: D3D11 adapters:
[2017.03.25-14.51.29:876][  0]LogD3D11RHI:    0. 'Radeon(TM) RX 460 Graphics' (Feature Level 11_0)
[2017.03.25-14.51.29:876][  0]LogD3D11RHI:       1996/0/4068 MB DedicatedVideo/DedicatedSystem/SharedSystem, Outputs:1, VendorId:0x1002
[2017.03.25-14.51.29:877][  0]LogD3D11RHI:    1. 'Microsoft Basic Render Driver' (Feature Level 11_0)
[2017.03.25-14.51.29:877][  0]LogD3D11RHI:       0/0/4068 MB DedicatedVideo/DedicatedSystem/SharedSystem, Outputs:0, VendorId:0x1414
[2017.03.25-14.51.29:877][  0]LogD3D11RHI: Chosen D3D11 Adapter: 0
[2017.03.25-14.51.29:909][  0]LogD3D11RHI: Creating new Direct3DDevice
[2017.03.25-14.51.29:909][  0]LogD3D11RHI:     GPU DeviceId: 0x67ef (for the marketing name, search the web for "GPU Device Id")
[2017.03.25-14.51.29:909][  0]LogWindows: EnumDisplayDevices:
[2017.03.25-14.51.29:909][  0]LogWindows:    0. 'Radeon(TM) RX 460 Graphics ' (P:1 D:1)
[2017.03.25-14.51.29:910][  0]LogWindows:    1. 'Radeon(TM) RX 460 Graphics ' (P:0 D:0)
[2017.03.25-14.51.29:910][  0]LogWindows:    2. 'Radeon(TM) RX 460 Graphics ' (P:0 D:0)
[2017.03.25-14.51.29:910][  0]LogWindows:    3. 'Radeon(TM) RX 460 Graphics ' (P:0 D:0)
[2017.03.25-14.51.29:910][  0]LogWindows:    4. 'Radeon(TM) RX 460 Graphics ' (P:0 D:0)
[2017.03.25-14.51.29:910][  0]LogWindows: DebugString: FoundDriverCount:5 
[2017.03.25-14.51.29:910][  0]LogD3D11RHI:     Adapter Name: Radeon(TM) RX 460 Graphics
[2017.03.25-14.51.29:910][  0]LogD3D11RHI:   Driver Version: Crimson ReLive 17.2.1 (internal:21.19.519.2, unified:21.19.519.2)
[2017.03.25-14.51.29:910][  0]LogD3D11RHI:      Driver Date: 2-10-2017
[2017.03.25-14.51.29:910][  0]LogRHI: Texture pool is 1361 MB (70% of 1945 MB)
[2017.03.25-14.51.29:946][  0]LogD3D11RHI: Async texture creation enabled
[2017.03.25-14.51.30:555][  0]LogD3D11RHI: GPU Timing Frequency: 25.000000 (Debug: 2 1)
[2017.03.25-14.51.30:706][  0]LogShaderCompilers: Guid format shader working directory is -30 characters bigger than the processId version (../../../../../../Users/James/Documents/comp140-gam160-game/Mines2 4.14 - 2/Intermediate/Shaders/WorkingDirectory/10160/).
[2017.03.25-14.51.30:706][  0]LogShaderCompilers: Cleaned the shader compiler working directory 'C:/Users/James/AppData/Local/Temp/UnrealShaderWorkingDir/82D7493441FB09AA9615D499954650F0/'.
[2017.03.25-14.51.30:719][  0]LogShaderCompilers:Display: Using Local Shader Compiler.
[2017.03.25-14.51.42:329][  0]LogTemp:Display: Loaded TP AllDesktopTargetPlatform
[2017.03.25-14.51.42:501][  0]LogTemp:Display: Loaded TP MacClientTargetPlatform
[2017.03.25-14.51.42:599][  0]LogTemp:Display: Loaded TP MacNoEditorTargetPlatform
[2017.03.25-14.51.42:709][  0]LogTemp:Display: Loaded TP MacServerTargetPlatform
[2017.03.25-14.51.42:860][  0]LogTemp:Display: Loaded TP MacTargetPlatform
[2017.03.25-14.51.42:973][  0]LogTemp:Display: Loaded TP WindowsClientTargetPlatform
[2017.03.25-14.51.43:074][  0]LogTemp:Display: Loaded TP WindowsNoEditorTargetPlatform
[2017.03.25-14.51.43:185][  0]LogTemp:Display: Loaded TP WindowsServerTargetPlatform
[2017.03.25-14.51.43:272][  0]LogTemp:Display: Loaded TP WindowsTargetPlatform
[2017.03.25-14.51.43:411][  0]LogTemp:Display: Loaded TP AndroidTargetPlatform
[2017.03.25-14.51.43:558][  0]LogTemp:Display: Loaded TP Android_ASTCTargetPlatform
[2017.03.25-14.51.43:675][  0]LogTemp:Display: Loaded TP Android_ATCTargetPlatform
[2017.03.25-14.51.43:791][  0]LogTemp:Display: Loaded TP Android_DXTTargetPlatform
[2017.03.25-14.51.43:935][  0]LogTemp:Display: Loaded TP Android_ETC1TargetPlatform
[2017.03.25-14.51.44:154][  0]LogTemp:Display: Loaded TP Android_ETC2TargetPlatform
[2017.03.25-14.51.44:509][  0]LogTemp:Display: Loaded TP Android_MultiTargetPlatform
[2017.03.25-14.51.44:509][  0]LogTemp:Display: Loaded TP Android_PVRTCTargetPlatform
[2017.03.25-14.51.44:582][  0]LogTemp:Display: Loaded TP HTML5TargetPlatform
[2017.03.25-14.51.44:859][  0]LogTemp:Display: Loaded TP IOSTargetPlatform
[2017.03.25-14.51.44:935][  0]LogTemp:Display: Loaded TP TVOSTargetPlatform
[2017.03.25-14.51.45:030][  0]LogTemp:Display: Loaded TP LinuxClientTargetPlatform
[2017.03.25-14.51.45:141][  0]LogTemp:Display: Loaded TP LinuxNoEditorTargetPlatform
[2017.03.25-14.51.45:237][  0]LogTemp:Display: Loaded TP LinuxServerTargetPlatform
[2017.03.25-14.51.45:360][  0]LogTemp:Display: Loaded TP LinuxTargetPlatform
[2017.03.25-14.51.45:360][  0]LogTargetPlatformManager:Display: Building Assets For Windows
[2017.03.25-14.51.47:747][  0]LogDerivedDataCache:Display: Max Cache Size: 512 MB
[2017.03.25-14.51.48:516][  0]LogDerivedDataCache: Loaded boot cache 0.77s 60MB C:/Users/James/AppData/Local/UnrealEngine/4.14/DerivedDataCache/Boot.ddc.
[2017.03.25-14.51.48:516][  0]LogDerivedDataCache:Display: Loaded Boot cache: C:/Users/James/AppData/Local/UnrealEngine/4.14/DerivedDataCache/Boot.ddc
[2017.03.25-14.51.48:517][  0]LogDerivedDataCache: FDerivedDataBackendGraph:  Pak pak cache file ../../../../../../Users/James/Documents/comp140-gam160-game/Mines2 4.14 - 2/DerivedDataCache/DDC.ddp not found, will not use a pak cache.
[2017.03.25-14.51.48:517][  0]LogDerivedDataCache: Unable to find inner node Pak for hierarchical cache Hierarchy.
[2017.03.25-14.51.48:517][  0]LogDerivedDataCache: FDerivedDataBackendGraph:  CompressedPak pak cache file ../../../../../../Users/James/Documents/comp140-gam160-game/Mines2 4.14 - 2/DerivedDataCache/Compressed.ddp not found, will not use a pak cache.
[2017.03.25-14.51.48:517][  0]LogDerivedDataCache: Unable to find inner node CompressedPak for hierarchical cache Hierarchy.
[2017.03.25-14.51.48:636][  0]LogDerivedDataCache:Display: Pak cache opened for reading ../../../Engine/DerivedDataCache/Compressed.ddp.
[2017.03.25-14.51.48:730][  0]LogDerivedDataCache: Using Local data cache path C:/Users/James/AppData/Local/UnrealEngine/Common/DerivedDataCache: Writable
[2017.03.25-14.52.05:157][  0]LogInit: Selected Device Profile: [Windows]
[2017.03.25-14.52.06:267][  0]LogContentStreaming: Texture pool size is 0.00 MB
[2017.03.25-14.52.07:645][  0]LogMeshUtilities: Using QuadricMeshReduction for automatic static mesh reduction
[2017.03.25-14.52.07:865][  0]LogSimplygon: Simplygon DLL not present - disabling.
[2017.03.25-14.52.07:967][  0]LogMeshUtilities: Using SimplygonSwarm for distributed automatic mesh merging
[2017.03.25-14.52.07:967][  0]LogMeshUtilities: No automatic skeletal mesh reduction module available
[2017.03.25-14.52.07:967][  0]LogMeshUtilities: No automatic mesh merging module available
[2017.03.25-14.52.23:492][  0]LogNetVersion: GetLocalNetworkVersion: CL: 3195953, ProjectName: mines2, ProjectVersion: , EngineNetworkVersion: 2, GameNetworkVersion: 0, NetworkChecksum: 4259058593
[2017.03.25-14.52.24:134][  0]LogAssetRegistry: FAssetRegistry took 0.0305 seconds to start up
[2017.03.25-14.52.24:811][  0]LogPackageLocalizationCache: Processed 3 localized package path(s) for 2 prioritized culture(s) in 0.499004 seconds
[2017.03.25-14.52.24:867][  0]LogUObjectArray: 31946 objects as part of root set at end of initial load.
[2017.03.25-14.52.24:867][  0]LogUObjectAllocator: 6935840 out of 0 bytes used by permanent object pool.
[2017.03.25-14.52.24:867][  0]LogUObjectArray: CloseDisregardForGC: 0/0 objects in disregard for GC pool
[2017.03.25-14.52.25:208][  0]LogInit: WinSock: version 1.1 (2.2), MaxSocks=32767, MaxUdp=65467
[2017.03.25-14.52.32:928][  0]LogSlate: Using Freetype 2.6.0
[2017.03.25-14.52.33:039][  0]LogSlate: SlateFontCache - WITH_FREETYPE: 1, WITH_HARFBUZZ: 1
[2017.03.25-14.52.33:055][  0]LogSlate: SlateFontCache - WITH_FREETYPE: 1, WITH_HARFBUZZ: 1
[2017.03.25-14.52.57:661][  0]LogTcpMessaging: Initializing TcpMessaging bridge
[2017.03.25-14.52.57:765][  0]LogUdpMessaging: Initializing bridge on interface 0.0.0.0:0 to multicast group 230.0.0.1:6666.
[2017.03.25-14.53.00:495][  0]LogMaterial: Uniform references updated for custom material expression Custom.
[2017.03.25-14.53.02:128][  0]SourceControl: Info Source control is disabled
[2017.03.25-14.53.02:798][  0]SourceControl: Info Source control is disabled
[2017.03.25-14.53.03:132][  0]SourceControl: Info Source control is disabled
[2017.03.25-14.53.03:313][  0]SourceControl: Info Source control is disabled
[2017.03.25-14.53.09:764][  0]LogEngine: Initializing Engine...
[2017.03.25-14.53.09:794][  0]LogHMD: Failed to initialize OpenVR with code 110
[2017.03.25-14.53.12:020][  0]LogAIModule: Creating AISystem for world Untitled
[2017.03.25-14.53.12:435][  0]LogInit: XAudio2 using 'Speakers (High Definition Audio Device)' : 2 channels at 44.1 kHz using 16 bits per sample (channel mask 0x3)
[2017.03.25-14.53.12:492][  0]LogInit: FAudioDevice initialized.
[2017.03.25-14.53.12:578][  0]LogDerivedDataCache: Saved boot cache 0.06s 50MB C:/Users/James/AppData/Local/UnrealEngine/4.14/DerivedDataCache/Boot.ddc.
[2017.03.25-14.53.12:597][  0]LogInit: Texture streaming: Enabled
[2017.03.25-14.53.13:766][  0]LogInit: Transaction tracking system initialized
[2017.03.25-14.53.15:794][  0]BlueprintLog: New page: Editor Load
[2017.03.25-14.53.19:969][  0]LocalizationService: Info Localization service is disabled
[2017.03.25-14.53.22:964][  0]LogConsoleResponse:Display: 
[2017.03.25-14.53.30:532][  0]LogFileCache: Scanning file cache for directory 'C:/Users/James/Documents/comp140-gam160-game/Mines2 4.14 - 2/Content/' took 0.06s
[2017.03.25-14.53.30:532][  0]LogCook:Display: Max memory allowance for cook 16384mb min free memory 0mb
[2017.03.25-14.53.30:558][  0]LogCook:Display: Mobile HDR setting 1
[2017.03.25-14.53.36:276][  0]SourceControl: Info Source control is disabled
[2017.03.25-14.53.36:340][  0]Cmd: MAP LOAD FILE="../../../../../../Users/James/Documents/comp140-gam160-game/Mines2 4.14 - 2/Content/TopDownBP/Maps/TopDownExampleMap.umap" TEMPLATE=0 SHOWPROGRESS=1 FEATURELEVEL=3
[2017.03.25-14.53.36:384][  0]LightingResults: New page: Lighting Build
[2017.03.25-14.53.37:349][  0]MapCheck: New page: Map Check
[2017.03.25-14.53.37:349][  0]LightingResults: New page: Lighting Build
[2017.03.25-14.53.53:465][  0]LogMaterial: Missing cached shader map for material M_Rock_Slate, compiling. 
[2017.03.25-14.53.55:117][  0]LogMaterial: Missing cached shader map for material BombMaterial, compiling. 
[2017.03.25-14.53.55:138][  0]LogMaterial: Missing cached shader map for material ClearMaterial, compiling. 
[2017.03.25-14.53.55:501][  0]LogMaterial: Missing cached shader map for material M_Tech_Panel, compiling. 
[2017.03.25-14.53.55:665][  0]LogAIModule: Creating AISystem for world TopDownExampleMap
[2017.03.25-14.53.56:523][  0]LogMaterial:Warning: Material /Game/StarterContent/Props/Materials/M_MaterialSphere_Plain.M_MaterialSphere_Plain needed to have new flag set bUsedWithStaticLighting !
[2017.03.25-14.53.56:909][  0]LogMaterial: Missing cached shader map for material M_MaterialSphere_Plain, compiling. 
[2017.03.25-14.53.57:067][  0]MapCheck:Warning: Warning M_MaterialSphere_Plain Material /Game/StarterContent/Props/Materials/M_MaterialSphere_Plain.M_MaterialSphere_Plain was missing the usage flag bUsedWithStaticLighting. If the material asset is not re-saved, it may not render correctly when run outside the editor. Fix
[2017.03.25-14.53.57:170][  0]LogMaterial: 0.04 seconds spent updating 1 materials, 1 interfaces, 0 instances, 0 with static permutations.
[2017.03.25-14.54.00:911][  0]LogEditorServer: Finished looking for orphan Actors (0.023 secs)
[2017.03.25-14.54.02:126][  0]Cmd: MAP CHECKDEP NOCLEARLOG
[2017.03.25-14.54.02:527][  0]MapCheck: Info Map check complete: 0 Error(s), 1 Warning(s), took 347.163ms to complete.
[2017.03.25-14.54.04:337][  0]LogFileHelpers: Loading map 'TopDownExampleMap' took 28.011
[2017.03.25-14.54.08:620][  0]LogCollectionManager: Loaded 0 collections in 0.003685 seconds
[2017.03.25-14.54.09:089][  0]LogFileCache: Scanning file cache for directory 'C:/Users/James/Documents/comp140-gam160-game/Mines2 4.14 - 2/Saved/Collections/' took 0.01s
[2017.03.25-14.54.09:089][  0]LogFileCache: Scanning file cache for directory 'C:/Users/James/Documents/comp140-gam160-game/Mines2 4.14 - 2/Content/Developers/James/Collections/' took 0.01s
[2017.03.25-14.54.09:089][  0]LogFileCache: Scanning file cache for directory 'C:/Users/James/Documents/comp140-gam160-game/Mines2 4.14 - 2/Content/Collections/' took 0.01s
[2017.03.25-14.54.09:089][  0]LogCollectionManager: Rebuilt the GUID cache for 0 collections in 0.000003 seconds
[2017.03.25-14.54.09:152][  0]LogContentBrowser: Native class hierarchy populated in 0.0584 seconds. Added 2190 classes and 428 folders.
[2017.03.25-14.54.09:410][  0]LogStats: UGameplayTagsManager::ConstructGameplayTagTree: Construct from data asset -  0.000 s
[2017.03.25-14.54.09:411][  0]LogStats: UGameplayTagsManager::ConstructGameplayTagTree: GameplayTagTreeChangedEvent.Broadcast -  0.000 s
[2017.03.25-14.54.09:412][  0]LogContentBrowser: Native class hierarchy updated for 'GameplayTags' in 0.0009 seconds. Added 13 classes and 0 folders.
[2017.03.25-14.54.09:633][  0]LogContentBrowser: Native class hierarchy updated for 'WidgetCarousel' in 0.0007 seconds. Added 0 classes and 0 folders.
[2017.03.25-14.54.12:031][  0]LogContentBrowser: Native class hierarchy updated for 'AddContentDialog' in 0.0009 seconds. Added 0 classes and 0 folders.
[2017.03.25-14.54.13:693][  0]LogContentBrowser: Native class hierarchy updated for 'SceneOutliner' in 0.0009 seconds. Added 1 classes and 2 folders.
[2017.03.25-14.54.14:728][  0]LogCrashTracker: Crashtracker disabled due to settings.
[2017.03.25-14.54.15:020][  0]LogUObjectGlobals:Warning: Failed to find object 'Class None.'
[2017.03.25-14.54.15:377][  0]LogContentBrowser: Native class hierarchy updated for 'HierarchicalLODOutliner' in 0.0010 seconds. Added 1 classes and 2 folders.
[2017.03.25-14.54.15:378][  0]LogLoad: (Engine Initialization) Total time: 191.30 seconds
[2017.03.25-14.54.15:378][  0]LogLoad: (Engine Initialization) Total Blueprint compile time: 2.34 seconds
[2017.03.25-14.54.15:418][  0]LogExternalProfiler: Found external profiler: VSPerf
[2017.03.25-14.54.15:418][  0]LogExternalProfiler: Using external profiler: VSPerf
[2017.03.25-14.54.15:908][  0]LogOcInput: OculusInput pre-init called
[2017.03.25-14.54.16:460][  0]LogContentStreaming: Texture pool size now 1000 MB
[2017.03.25-14.54.20:875][  0]LogRenderer: Reallocating scene render targets to support 856x724 NumSamples 1 (Frame:2).
[2017.03.25-14.54.24:722][  6]LogAssetRegistry: Asset discovery search completed in 120.6131 seconds
[2017.03.25-14.54.24:729][  6]LogCollectionManager: Rebuilt the object cache for 0 collections in 0.000001 seconds (found 0 objects)
[2017.03.25-14.54.24:729][  6]LogCollectionManager: Fixed up redirectors for 0 collections in 0.000674 seconds (updated 0 objects)
[2017.03.25-14.59.49:943][169]LogRenderer: Reallocating scene render targets to support 1172x924 NumSamples 1 (Frame:189).
[2017.03.25-15.00.00:858][820]LogContentBrowser: Native class hierarchy updated for 'BlueprintGraph' in 0.0012 seconds. Added 111 classes and 0 folders.
[2017.03.25-15.04.18:826][532]LogSavePackage: Save=1252.75ms
[2017.03.25-15.04.18:827][532]LogSavePackage: Moving '../../../../../../Users/James/Documents/comp140-gam160-game/Mines2 4.14 - 2/Saved/TopDownExampleMap_Auto1634C0A084BE9F19E159BA88A4369F96B.tmp' to '../../../../../../Users/James/Documents/comp140-gam160-game/Mines2 4.14 - 2/Saved/Autosaves/Game/TopDownBP/Maps/TopDownExampleMap_Auto1.umap'
[2017.03.25-15.04.18:897][532]LogSavePackage:Display: Finished SavePackage ../../../../../../Users/James/Documents/comp140-gam160-game/Mines2 4.14 - 2/Saved/Autosaves/Game/TopDownBP/Maps/TopDownExampleMap_Auto1.umap
[2017.03.25-15.04.18:958][532]LogFileHelpers: Editor autosave (incl. sublevels) for '/Game/TopDownBP/Maps/TopDownExampleMap' took 2.312
[2017.03.25-15.04.18:958][532]LogFileHelpers: Editor autosave (incl. sublevels) for all levels took 2.312
[2017.03.25-15.04.18:962][532]OBJ SavePackage: Generating thumbnails for [1] asset(s) in package [/Game/Block] ([1] browsable assets)...
[2017.03.25-15.04.19:016][532]OBJ SavePackage:     Rendered thumbnail for [Blueprint /Game/Block.Block]
[2017.03.25-15.04.19:016][532]OBJ SavePackage: Finished generating thumbnails for package [/Game/Block]
[2017.03.25-15.04.19:016][532]Cmd: OBJ SAVEPACKAGE PACKAGE="/Game/Block" FILE="../../../../../../Users/James/Documents/comp140-gam160-game/Mines2 4.14 - 2/Saved/Autosaves/Game/Block_Auto1.uasset" SILENT=false AUTOSAVING=true
[2017.03.25-15.04.19:124][532]LogSavePackage: Save=89.02ms
[2017.03.25-15.04.19:124][532]LogSavePackage: Moving '../../../../../../Users/James/Documents/comp140-gam160-game/Mines2 4.14 - 2/Saved/Block_Auto108D63C3A48D606B96147FDACB8E84E68.tmp' to '../../../../../../Users/James/Documents/comp140-gam160-game/Mines2 4.14 - 2/Saved/Autosaves/Game/Block_Auto1.uasset'
[2017.03.25-15.04.19:125][532]LogSavePackage:Display: Finished SavePackage ../../../../../../Users/James/Documents/comp140-gam160-game/Mines2 4.14 - 2/Saved/Autosaves/Game/Block_Auto1.uasset
[2017.03.25-15.04.19:125][532]LogFileHelpers: Auto-saving content packages took 0.166
[2017.03.25-15.14.20:231][688]LogSavePackage: Save=443.21ms
[2017.03.25-15.14.20:231][688]LogSavePackage: Moving '../../../../../../Users/James/Documents/comp140-gam160-game/Mines2 4.14 - 2/Saved/TopDownExampleMap_Auto2B4E1AA9D4F7D8598DB95F58A2D66BB5E.tmp' to '../../../../../../Users/James/Documents/comp140-gam160-game/Mines2 4.14 - 2/Saved/Autosaves/Game/TopDownBP/Maps/TopDownExampleMap_Auto2.umap'
[2017.03.25-15.14.20:247][688]LogSavePackage:Display: Finished SavePackage ../../../../../../Users/James/Documents/comp140-gam160-game/Mines2 4.14 - 2/Saved/Autosaves/Game/TopDownBP/Maps/TopDownExampleMap_Auto2.umap
[2017.03.25-15.14.20:252][688]LogFileHelpers: Editor autosave (incl. sublevels) for '/Game/TopDownBP/Maps/TopDownExampleMap' took 0.646
[2017.03.25-15.14.20:252][688]LogFileHelpers: Editor autosave (incl. sublevels) for all levels took 0.646
[2017.03.25-16.57.43:872][ 92]LogSavePackage: Save=514.48ms
[2017.03.25-16.57.43:872][ 92]LogSavePackage: Moving '../../../../../../Users/James/Documents/comp140-gam160-game/Mines2 4.14 - 2/Saved/TopDownExampleMap09167D8346CC14D879AA978C7837670D.tmp' to '../../../../../../Users/James/Documents/comp140-gam160-game/Mines2 4.14 - 2/Content/TopDownBP/Maps/TopDownExampleMap.umap'
[2017.03.25-16.57.43:886][ 92]LogSavePackage:Display: Finished SavePackage ../../../../../../Users/James/Documents/comp140-gam160-game/Mines2 4.14 - 2/Content/TopDownBP/Maps/TopDownExampleMap.umap
[2017.03.25-16.57.44:099][ 92]LogFileHelpers: Saving map 'TopDownExampleMap' took 16.052
[2017.03.25-16.57.44:102][ 92]Cmd: OBJ SAVEPACKAGE PACKAGE="/Game/Block" FILE="../../../../../../Users/James/Documents/comp140-gam160-game/Mines2 4.14 - 2/Content/Block.uasset" SILENT=true
[2017.03.25-16.57.44:265][ 92]LogSavePackage: Save=107.01ms
[2017.03.25-16.57.44:265][ 92]LogSavePackage: Moving '../../../../../../Users/James/Documents/comp140-gam160-game/Mines2 4.14 - 2/Saved/Block0368E668410609EC1E29A2A18F95C39E.tmp' to '../../../../../../Users/James/Documents/comp140-gam160-game/Mines2 4.14 - 2/Content/Block.uasset'
[2017.03.25-16.57.44:274][ 92]LogSavePackage:Display: Finished SavePackage ../../../../../../Users/James/Documents/comp140-gam160-game/Mines2 4.14 - 2/Content/Block.uasset
[2017.03.25-16.57.59:157][596]LogWindowsTextInputMethodSystem:Display: IME system now deactivated.
[2017.03.25-16.58.00:482][597]Cmd: QUIT_EDITOR
[2017.03.25-16.58.02:715][597]LogExit: Preparing to exit.
[2017.03.25-16.58.06:159][597]LogDirectoryWatcher: A directory notification for 'C:/Users/James/Documents/comp140-gam160-game/Mines2 4.14 - 2/Content/' was aborted.
[2017.03.25-16.58.06:902][597]LogExit: Editor shut down
[2017.03.25-16.58.06:904][597]LogExit: Transaction tracking system shut down
[2017.03.25-16.58.16:946][597]LogObj: Freed 0b from 0 cluster array pools.
[2017.03.25-16.58.17:006][597]LogExit: Object subsystem successfully closed.
[2017.03.25-16.58.18:178][597]LogD3D11RHI: Shutdown
[2017.03.25-16.58.18:206][597]LogD3D11RHI: CleanupD3DDevice
[2017.03.25-16.58.18:716][597]LogD3D11RHI: ~FD3D11DynamicRHI
[2017.03.25-16.58.23:288][597]LogHttp:Display: Http module shutting down, but needs to wait on 1 outstanding Http requests:
[2017.03.25-16.58.23:288][597]LogHttp:Display: 	verb=[POST] url=[https://datarouter.ol.epicgames.com/datarouter/api/v1/public/data?SessionID=%7BC83CB293-4F37-2987-14D0-34811635B1E9%7D&AppID=UEEditor.Rocket.Release&AppVersion=4.14.3-3249277%2B%2B%2BUE4%2BRelease-4.14&UserID=6a74190d46b48979fc6461ba6b78cbcf%7C0f348f9ab80f4a2b916a086970469570%7Ca4af3e33-1977-4274-8bb0-ee540352d203&AppEnvironment=datacollector-binary&UploadType=eteventstream] status=Processing
[2017.03.25-16.58.23:566][597]LogModuleManager: Shutting down and abandoning module BlueprintGraph (243)
[2017.03.25-16.58.23:618][597]LogModuleManager: Shutting down and abandoning module BlueprintProfiler (242)
[2017.03.25-16.58.23:755][597]LogModuleManager: Shutting down and abandoning module HierarchicalLODOutliner (241)
[2017.03.25-16.58.23:800][597]LogModuleManager: Shutting down and abandoning module CrashTracker (240)
[2017.03.25-16.58.23:867][597]LogModuleManager: Shutting down and abandoning module SceneOutliner (239)
[2017.03.25-16.58.23:937][597]LogModuleManager: Shutting down and abandoning module WidgetCarousel (238)
[2017.03.25-16.58.23:937][597]LogModuleManager: Shutting down and abandoning module AddContentDialog (237)
[2017.03.25-16.58.24:163][597]LogDirectoryWatcher: A directory notification for 'C:/Program Files (x86)/Epic Games/4.14/FeaturePacks/' was aborted.
[2017.03.25-16.58.24:186][597]LogModuleManager: Shutting down and abandoning module GameplayTags (236)
[2017.03.25-16.58.24:186][597]LogModuleManager: Shutting down and abandoning module EditorWidgets (235)
[2017.03.25-16.58.24:186][597]LogModuleManager: Shutting down and abandoning module CollectionManager (234)
[2017.03.25-16.58.24:330][597]LogDirectoryWatcher: A directory notification for 'C:/Users/James/Documents/comp140-gam160-game/Mines2 4.14 - 2/Content/Collections/' was aborted.
[2017.03.25-16.58.24:330][597]LogDirectoryWatcher: A directory notification for 'C:/Users/James/Documents/comp140-gam160-game/Mines2 4.14 - 2/Content/Developers/James/Collections/' was aborted.
[2017.03.25-16.58.24:330][597]LogDirectoryWatcher: A directory notification for 'C:/Users/James/Documents/comp140-gam160-game/Mines2 4.14 - 2/Saved/Collections/' was aborted.
[2017.03.25-16.58.24:330][597]LogModuleManager: Shutting down and abandoning module StatsViewer (233)
[2017.03.25-16.58.24:463][597]LogModuleManager: Shutting down and abandoning module FoliageEdit (232)
[2017.03.25-16.58.24:518][597]LogModuleManager: Shutting down and abandoning module LandscapeEditor (231)
[2017.03.25-16.58.24:718][597]LogModuleManager: Shutting down and abandoning module SceneDepthPickerMode (230)
[2017.03.25-16.58.24:718][597]LogModuleManager: Shutting down and abandoning module ActorPickerMode (229)
[2017.03.25-16.58.24:718][597]LogModuleManager: Shutting down and abandoning module GeometryMode (228)
[2017.03.25-16.58.24:718][597]LogModuleManager: Shutting down and abandoning module TextureAlignMode (227)
[2017.03.25-16.58.24:718][597]LogModuleManager: Shutting down and abandoning module BspMode (226)
[2017.03.25-16.58.24:796][597]LogModuleManager: Shutting down and abandoning module HardwareSurvey (225)
[2017.03.25-16.58.24:862][597]LogModuleManager: Shutting down and abandoning module SequenceRecorderSections (224)
[2017.03.25-16.58.24:907][597]LogModuleManager: Shutting down and abandoning module AutomationWorker (223)
[2017.03.25-16.58.24:941][597]LogModuleManager: Shutting down and abandoning module MatineeToLevelSequence (222)
[2017.03.25-16.58.24:984][597]LogModuleManager: Shutting down and abandoning module PlacementMode (221)
[2017.03.25-16.58.25:095][597]LogModuleManager: Shutting down and abandoning module LevelSequenceEditor (220)
[2017.03.25-16.58.25:414][597]LogModuleManager: Shutting down and abandoning module WmfMediaFactory (219)
[2017.03.25-16.58.25:414][597]LogModuleManager: Shutting down and abandoning module WmfMediaEditor (218)
[2017.03.25-16.58.25:414][597]LogModuleManager: Shutting down and abandoning module AvfMediaFactory (217)
[2017.03.25-16.58.25:414][597]LogModuleManager: Shutting down and abandoning module AvfMediaEditor (216)
[2017.03.25-16.58.25:414][597]LogModuleManager: Shutting down and abandoning module Media (215)
[2017.03.25-16.58.25:414][597]LogModuleManager: Shutting down and abandoning module AndroidMediaFactory (214)
[2017.03.25-16.58.25:414][597]LogModuleManager: Shutting down and abandoning module AndroidMediaEditor (213)
[2017.03.25-16.58.25:414][597]LogModuleManager: Shutting down and abandoning module CharacterAI (212)
[2017.03.25-16.58.25:414][597]LogModuleManager: Shutting down and abandoning module SequenceRecorder (211)
[2017.03.25-16.58.25:573][597]LogModuleManager: Shutting down and abandoning module AudioCapture (210)
[2017.03.25-16.58.25:573][597]LogModuleManager: Shutting down and abandoning module SmartSnapping (209)
[2017.03.25-16.58.25:573][597]LogModuleManager: Shutting down and abandoning module SessionServices (208)
[2017.03.25-16.58.25:573][597]LogModuleManager: Shutting down and abandoning module ViewportSnapping (207)
[2017.03.25-16.58.25:574][597]LogModuleManager: Shutting down and abandoning module ViewportInteraction (206)
[2017.03.25-16.58.25:574][597]LogModuleManager: Shutting down and abandoning module LogVisualizer (205)
[2017.03.25-16.58.25:700][597]LogModuleManager: Shutting down and abandoning module GameProjectGeneration (204)
[2017.03.25-16.58.25:775][597]LogModuleManager: Shutting down and abandoning module IntroTutorials (203)
[2017.03.25-16.58.25:832][597]LogModuleManager: Shutting down and abandoning module EditorLiveStreaming (202)
[2017.03.25-16.58.25:883][597]LogModuleManager: Shutting down and abandoning module IOSPlatformEditor (201)
[2017.03.25-16.58.25:948][597]LogModuleManager: Shutting down and abandoning module HTML5PlatformEditor (200)
[2017.03.25-16.58.25:948][597]LogModuleManager: Shutting down and abandoning module AndroidDeviceDetection (199)
[2017.03.25-16.58.26:478][597]LogModuleManager: Shutting down and abandoning module AndroidPlatformEditor (198)
[2017.03.25-16.58.26:507][597]LogModuleManager: Shutting down and abandoning module IOSRuntimeSettings (197)
[2017.03.25-16.58.26:507][597]LogModuleManager: Shutting down and abandoning module AndroidRuntimeSettings (196)
[2017.03.25-16.58.26:507][597]LogModuleManager: Shutting down and abandoning module InputBindingEditor (195)
[2017.03.25-16.58.26:550][597]LogModuleManager: Shutting down and abandoning module NiagaraEditor (194)
[2017.03.25-16.58.26:697][597]LogModuleManager: Shutting down and abandoning module MergeActors (193)
[2017.03.25-16.58.26:741][597]LogModuleManager: Shutting down and abandoning module SizeMap (192)
[2017.03.25-16.58.26:789][597]LogModuleManager: Shutting down and abandoning module TreeMap (191)
[2017.03.25-16.58.26:838][597]LogModuleManager: Shutting down and abandoning module ReferenceViewer (190)
[2017.03.25-16.58.26:838][597]LogModuleManager: Shutting down and abandoning module LocalizationService (189)
[2017.03.25-16.58.26:847][597]LogModuleManager: Shutting down and abandoning module LocalizationDashboard (188)
[2017.03.25-16.58.27:009][597]LogModuleManager: Shutting down and abandoning module HardwareTargeting (187)
[2017.03.25-16.58.27:047][597]LogModuleManager: Shutting down and abandoning module DeviceProfileEditor (186)
[2017.03.25-16.58.27:086][597]LogModuleManager: Shutting down and abandoning module UndoHistory (185)
[2017.03.25-16.58.27:127][597]LogModuleManager: Shutting down and abandoning module UserFeedback (184)
[2017.03.25-16.58.27:127][597]LogModuleManager: Shutting down and abandoning module XmlParser (183)
[2017.03.25-16.58.27:151][597]LogModuleManager: Shutting down and abandoning module Blutility (182)
[2017.03.25-16.58.27:203][597]LogModuleManager: Shutting down and abandoning module ProjectTargetPlatformEditor (181)
[2017.03.25-16.58.27:205][597]LogModuleManager: Shutting down and abandoning module ProjectSettingsViewer (180)
[2017.03.25-16.58.27:205][597]LogModuleManager: Shutting down and abandoning module EditorSettingsViewer (179)
[2017.03.25-16.58.27:206][597]LogModuleManager: Shutting down and abandoning module SettingsEditor (178)
[2017.03.25-16.58.27:382][597]LogModuleManager: Shutting down and abandoning module ProjectLauncher (177)
[2017.03.25-16.58.27:517][597]LogModuleManager: Shutting down and abandoning module SessionFrontend (176)
[2017.03.25-16.58.27:564][597]LogModuleManager: Shutting down and abandoning module ProfilerClient (175)
[2017.03.25-16.58.27:630][597]LogModuleManager: Shutting down and abandoning module TargetDeviceServices (174)
[2017.03.25-16.58.27:630][597]LogModuleManager: Shutting down and abandoning module DeviceManager (173)
[2017.03.25-16.58.27:738][597]LogModuleManager: Shutting down and abandoning module AutomationController (172)
[2017.03.25-16.58.27:825][597]LogModuleManager: Shutting down and abandoning module AutomationWindow (171)
[2017.03.25-16.58.27:877][597]LogModuleManager: Shutting down and abandoning module Layers (170)
[2017.03.25-16.58.27:975][597]LogModuleManager: Shutting down and abandoning module ComponentVisualizers (169)
[2017.03.25-16.58.27:975][597]LogModuleManager: Shutting down and abandoning module DetailCustomizations (168)
[2017.03.25-16.58.28:079][597]LogModuleManager: Shutting down and abandoning module PackagesDialog (167)
[2017.03.25-16.58.28:154][597]LogModuleManager: Shutting down and abandoning module AnimGraph (166)
[2017.03.25-16.58.28:154][597]LogModuleManager: Shutting down and abandoning module Persona (165)
[2017.03.25-16.58.28:276][597]LogModuleManager: Shutting down and abandoning module Kismet (164)
[2017.03.25-16.58.28:340][597]LogModuleManager: Shutting down and abandoning module GraphEditor (163)
[2017.03.25-16.58.28:340][597]LogModuleManager: Shutting down and abandoning module ClassViewer (162)
[2017.03.25-16.58.28:395][597]LogModuleManager: Shutting down and abandoning module Toolbox (161)
[2017.03.25-16.58.28:439][597]LogModuleManager: Shutting down and abandoning module ModuleUI (160)
[2017.03.25-16.58.28:529][597]LogModuleManager: Shutting down and abandoning module MovieSceneTools (159)
[2017.03.25-16.58.28:638][597]LogModuleManager: Shutting down and abandoning module OutputLog (158)
[2017.03.25-16.58.28:773][597]LogModuleManager: Shutting down and abandoning module GammaUI (157)
[2017.03.25-16.58.28:827][597]LogModuleManager: Shutting down and abandoning module Documentation (156)
[2017.03.25-16.58.28:827][597]LogModuleManager: Shutting down and abandoning module Niagara (155)
[2017.03.25-16.58.28:827][597]LogModuleManager: Shutting down and abandoning module StreamingPauseRendering (154)
[2017.03.25-16.58.28:827][597]LogModuleManager: Shutting down and abandoning module AnalyticsET (153)
[2017.03.25-16.58.28:827][597]LogModuleManager: Shutting down and abandoning module PortalServices (152)
[2017.03.25-16.58.28:827][597]LogModuleManager: Shutting down and abandoning module PortalRpc (151)
[2017.03.25-16.58.28:827][597]LogModuleManager: Shutting down and abandoning module MessagingRpc (150)
[2017.03.25-16.58.28:827][597]LogModuleManager: Shutting down and abandoning module GameplayDebugger (149)
[2017.03.25-16.58.28:873][597]LogModuleManager: Shutting down and abandoning module AITestSuite (148)
[2017.03.25-16.58.28:913][597]LogModuleManager: Shutting down and abandoning module AIModule (147)
[2017.03.25-16.58.28:960][597]LogModuleManager: Shutting down and abandoning module ProfilerService (146)
[2017.03.25-16.58.29:152][597]LogModuleManager: Shutting down and abandoning module TaskGraph (145)
[2017.03.25-16.58.29:188][597]LogModuleManager: Shutting down and abandoning module SlateRemote (144)
[2017.03.25-16.58.29:188][597]LogModuleManager: Shutting down and abandoning module SteamVRController (143)
[2017.03.25-16.58.29:188][597]LogModuleManager: Shutting down and abandoning module SteamVR (142)
[2017.03.25-16.58.29:188][597]LogModuleManager: Shutting down and abandoning module ProceduralMeshComponentEditor (141)
[2017.03.25-16.58.29:225][597]LogModuleManager: Shutting down and abandoning module ProceduralMeshComponent (140)
[2017.03.25-16.58.29:273][597]LogModuleManager: Shutting down and abandoning module OculusLibrary (139)
[2017.03.25-16.58.29:273][597]LogModuleManager: Shutting down and abandoning module OculusInput (138)
[2017.03.25-16.58.29:273][597]LogModuleManager: Shutting down and abandoning module MobilePatchingUtils (137)
[2017.03.25-16.58.29:273][597]LogModuleManager: Shutting down and abandoning module CustomMeshComponent (136)
[2017.03.25-16.58.29:273][597]LogModuleManager: Shutting down and abandoning module CableComponent (135)
[2017.03.25-16.58.29:314][597]LogModuleManager: Shutting down and abandoning module ArchVisCharacter (134)
[2017.03.25-16.58.29:314][597]LogModuleManager: Shutting down and abandoning module MediaPlayerEditor (132)
[2017.03.25-16.58.29:488][597]LogModuleManager: Shutting down and abandoning module HTML5Networking (131)
[2017.03.25-16.58.29:508][597]LogModuleManager: Shutting down and abandoning module GeometryCacheEd (130)
[2017.03.25-16.58.29:508][597]LogModuleManager: Shutting down and abandoning module GeometryCache (129)
[2017.03.25-16.58.29:508][597]LogModuleManager: Shutting down and abandoning module AlembicLibrary (128)
[2017.03.25-16.58.29:513][597]LogModuleManager: Shutting down and abandoning module AlembicImporter (127)
[2017.03.25-16.58.29:557][597]LogModuleManager: Shutting down and abandoning module SuperSearch (126)
[2017.03.25-16.58.29:557][597]LogModuleManager: Shutting down and abandoning module SuperSearchEditor (125)
[2017.03.25-16.58.29:557][597]LogModuleManager: Shutting down and abandoning module SpeedTreeImporter (124)
[2017.03.25-16.58.29:557][597]LogModuleManager: Shutting down and abandoning module PluginBrowser (123)
[2017.03.25-16.58.29:656][597]LogModuleManager: Shutting down and abandoning module MobileLauncherProfileWizard (122)
[2017.03.25-16.58.29:672][597]LogModuleManager: Shutting down and abandoning module EpicSurvey (121)
[2017.03.25-16.58.29:707][597]LogModuleManager: Shutting down and abandoning module DesktopPlatform (120)
[2017.03.25-16.58.29:708][597]LogModuleManager: Shutting down and abandoning module VisualStudioSourceCodeAccess (119)
[2017.03.25-16.58.29:766][597]LogModuleManager: Shutting down and abandoning module UObjectPlugin (118)
[2017.03.25-16.58.29:766][597]LogModuleManager: Shutting down and abandoning module SubversionSourceControl (117)
[2017.03.25-16.58.29:778][597]LogModuleManager: Shutting down and abandoning module PerforceSourceControl (116)
[2017.03.25-16.58.29:866][597]LogModuleManager: Shutting down and abandoning module SourceControl (115)
[2017.03.25-16.58.29:909][597]LogModuleManager: Shutting down and abandoning module GitSourceControl (114)
[2017.03.25-16.58.30:008][597]LogModuleManager: Shutting down and abandoning module LightPropagationVolumeEditor (113)
[2017.03.25-16.58.30:008][597]LogModuleManager: Shutting down and abandoning module PaperTiledImporter (112)
[2017.03.25-16.58.30:012][597]LogModuleManager: Shutting down and abandoning module PaperSpriteSheetImporter (111)
[2017.03.25-16.58.30:012][597]LogModuleManager: Shutting down and abandoning module MeshPaint (110)
[2017.03.25-16.58.30:065][597]LogModuleManager: Shutting down and abandoning module PixelInspectorModule (109)
[2017.03.25-16.58.30:114][597]LogModuleManager: Shutting down and abandoning module HotReload (108)
[2017.03.25-16.58.30:340][597]LogModuleManager: Shutting down and abandoning module MainFrame (107)
[2017.03.25-16.58.30:340][597]LogModuleManager: Shutting down and abandoning module LevelEditor (106)
[2017.03.25-16.58.30:492][597]LogModuleManager: Shutting down and abandoning module ContentBrowser (105)
[2017.03.25-16.58.30:495][597]LogModuleManager: Shutting down and abandoning module Paper2DEditor (104)
[2017.03.25-16.58.30:711][597]LogModuleManager: Shutting down and abandoning module UdpMessaging (103)
[2017.03.25-16.58.30:813][597]LogModuleManager: Shutting down and abandoning module TcpMessaging (102)
[2017.03.25-16.58.30:937][597]LogModuleManager: Shutting down and abandoning module LightPropagationVolumeRuntime (101)
[2017.03.25-16.58.30:937][597]LogModuleManager: Shutting down and abandoning module Paper2D (100)
[2017.03.25-16.58.31:007][597]LogModuleManager: Shutting down and abandoning module WindowsMoviePlayer (99)
[2017.03.25-16.58.31:014][597]LogModuleManager: Shutting down and abandoning module WmfMedia (98)
[2017.03.25-16.58.31:101][597]LogModuleManager: Shutting down and abandoning module MediaAssets (97)
[2017.03.25-16.58.31:144][597]LogModuleManager: Shutting down and abandoning module GameLiveStreaming (96)
[2017.03.25-16.58.31:189][597]LogModuleManager: Shutting down and abandoning module GameplayTagsEditor (95)
[2017.03.25-16.58.31:189][597]LogModuleManager: Shutting down and abandoning module VREditor (94)
[2017.03.25-16.58.31:189][597]LogModuleManager: Shutting down and abandoning module GameplayTasksEditor (93)
[2017.03.25-16.58.31:189][597]LogModuleManager: Shutting down and abandoning module BehaviorTreeEditor (92)
[2017.03.25-16.58.31:306][597]LogModuleManager: Shutting down and abandoning module FunctionalTesting (91)
[2017.03.25-16.58.31:325][597]LogModuleManager: Shutting down and abandoning module CollisionAnalyzer (90)
[2017.03.25-16.58.31:367][597]LogModuleManager: Shutting down and abandoning module Sequencer (89)
[2017.03.25-16.58.31:417][597]LogModuleManager: Shutting down and abandoning module WorkspaceMenuStructure (88)
[2017.03.25-16.58.31:417][597]LogModuleManager: Shutting down and abandoning module MessageLog (87)
[2017.03.25-16.58.31:417][597]LogModuleManager: Shutting down and abandoning module AssetTools (86)
[2017.03.25-16.58.31:687][597]LogModuleManager: Shutting down and abandoning module UMGEditor (85)
[2017.03.25-16.58.31:812][597]LogModuleManager: Shutting down and abandoning module UMG (84)
[2017.03.25-16.58.32:012][597]LogModuleManager: Shutting down and abandoning module SlateReflector (83)
[2017.03.25-16.58.32:227][597]LogModuleManager: Shutting down and abandoning module Slate (82)
[2017.03.25-16.58.32:227][597]LogModuleManager: Shutting down and abandoning module EditorStyle (81)
[2017.03.25-16.58.32:272][597]LogModuleManager: Shutting down and abandoning module SourceCodeAccess (80)
[2017.03.25-16.58.32:272][597]LogModuleManager: Shutting down and abandoning module HeadMountedDisplay (79)
[2017.03.25-16.58.32:272][597]LogModuleManager: Shutting down and abandoning module XAudio2 (78)
[2017.03.25-16.58.32:272][597]LogModuleManager: Shutting down and abandoning module Networking (76)
[2017.03.25-16.58.32:272][597]LogModuleManager: Shutting down and abandoning module Core (75)
[2017.03.25-16.58.32:272][597]LogModuleManager: Shutting down and abandoning module DirectoryWatcher (74)
[2017.03.25-16.58.32:272][597]LogDirectoryWatcher: A directory notification for '../../../Engine/Content/' was aborted.
[2017.03.25-16.58.32:273][597]LogDirectoryWatcher: A directory notification for '../../../../../../Users/James/Documents/comp140-gam160-game/Mines2 4.14 - 2/Content/' was aborted.
[2017.03.25-16.58.32:274][597]LogDirectoryWatcher: A directory notification for '../../../Engine/Plugins/2D/Paper2D/Content/' was aborted.
[2017.03.25-16.58.32:279][597]LogModuleManager: Shutting down and abandoning module AssetRegistry (73)
[2017.03.25-16.58.32:628][597]LogModuleManager: Shutting down and abandoning module KismetCompiler (72)
[2017.03.25-16.58.32:628][597]LogModuleManager: Shutting down and abandoning module PhysXFormats (71)
[2017.03.25-16.58.32:669][597]LogModuleManager: Shutting down and abandoning module SimplygonSwarm (70)
[2017.03.25-16.58.32:802][597]LogModuleManager: Shutting down and abandoning module SimplygonMeshReduction (69)
[2017.03.25-16.58.32:805][597]LogModuleManager: Shutting down and abandoning module QuadricMeshReduction (68)
[2017.03.25-16.58.32:822][597]LogModuleManager: Shutting down and abandoning module PropertyEditor (67)
[2017.03.25-16.58.32:822][597]LogModuleManager: Shutting down and abandoning module MeshUtilities (66)
[2017.03.25-16.58.32:938][597]LogModuleManager: Shutting down and abandoning module DerivedDataCache (65)
[2017.03.25-16.58.33:007][597]LogDerivedDataCache: Shutdown
[2017.03.25-16.58.33:007][597]LogModuleManager: Shutting down and abandoning module VulkanShaderFormat (64)
[2017.03.25-16.58.33:056][597]LogModuleManager: Shutting down and abandoning module ShaderFormatOpenGL (63)
[2017.03.25-16.58.33:105][597]LogModuleManager: Shutting down and abandoning module ShaderFormatD3D (62)
[2017.03.25-16.58.33:151][597]LogModuleManager: Shutting down and abandoning module MetalShaderFormat (61)
[2017.03.25-16.58.33:235][597]LogModuleManager: Shutting down and abandoning module TextureFormatUncompressed (60)
[2017.03.25-16.58.33:235][597]LogModuleManager: Shutting down and abandoning module TextureFormatPVR (59)
[2017.03.25-16.58.33:284][597]LogModuleManager: Shutting down and abandoning module TextureFormatDXT (58)
[2017.03.25-16.58.33:323][597]LogModuleManager: Shutting down and abandoning module TextureFormatIntelISPCTexComp (57)
[2017.03.25-16.58.33:457][597]LogModuleManager: Shutting down and abandoning module ImageWrapper (56)
[2017.03.25-16.58.33:457][597]LogModuleManager: Shutting down and abandoning module TextureFormatASTC (55)
[2017.03.25-16.58.33:457][597]LogModuleManager: Shutting down and abandoning module TextureFormatAndroid (54)
[2017.03.25-16.58.33:457][597]LogModuleManager: Shutting down and abandoning module AudioFormatOpus (53)
[2017.03.25-16.58.33:543][597]LogModuleManager: Shutting down and abandoning module AudioFormatOgg (52)
[2017.03.25-16.58.33:607][597]LogModuleManager: Shutting down and abandoning module AudioFormatADPCM (51)
[2017.03.25-16.58.33:607][597]LogModuleManager: Shutting down and abandoning module LinuxTargetPlatform (50)
[2017.03.25-16.58.33:607][597]LogModuleManager: Shutting down and abandoning module LinuxServerTargetPlatform (49)
[2017.03.25-16.58.33:665][597]LogModuleManager: Shutting down and abandoning module LinuxNoEditorTargetPlatform (48)
[2017.03.25-16.58.33:773][597]LogModuleManager: Shutting down and abandoning module LinuxClientTargetPlatform (47)
[2017.03.25-16.58.33:863][597]LogModuleManager: Shutting down and abandoning module TVOSTargetPlatform (46)
[2017.03.25-16.58.33:863][597]LogModuleManager: Shutting down and abandoning module Messaging (45)
[2017.03.25-16.58.33:863][597]LogModuleManager: Shutting down and abandoning module IOSTargetPlatform (44)
[2017.03.25-16.58.33:863][597]LogModuleManager: Shutting down and abandoning module HTML5TargetPlatform (43)
[2017.03.25-16.58.33:863][597]LogModuleManager: Shutting down and abandoning module Android_PVRTCTargetPlatform (42)
[2017.03.25-16.58.33:863][597]LogModuleManager: Shutting down and abandoning module Android_MultiTargetPlatform (41)
[2017.03.25-16.58.33:863][597]LogModuleManager: Shutting down and abandoning module Android_ETC2TargetPlatform (40)
[2017.03.25-16.58.33:863][597]LogModuleManager: Shutting down and abandoning module Android_ETC1TargetPlatform (39)
[2017.03.25-16.58.33:863][597]LogModuleManager: Shutting down and abandoning module Android_DXTTargetPlatform (38)
[2017.03.25-16.58.33:863][597]LogModuleManager: Shutting down and abandoning module Android_ATCTargetPlatform (37)
[2017.03.25-16.58.33:864][597]LogModuleManager: Shutting down and abandoning module Android_ASTCTargetPlatform (36)
[2017.03.25-16.58.33:864][597]LogModuleManager: Shutting down and abandoning module AndroidTargetPlatform (35)
[2017.03.25-16.58.33:864][597]LogModuleManager: Shutting down and abandoning module WindowsTargetPlatform (34)
[2017.03.25-16.58.33:864][597]LogModuleManager: Shutting down and abandoning module WindowsServerTargetPlatform (33)
[2017.03.25-16.58.33:981][597]LogModuleManager: Shutting down and abandoning module WindowsNoEditorTargetPlatform (32)
[2017.03.25-16.58.34:479][597]LogModuleManager: Shutting down and abandoning module WindowsClientTargetPlatform (31)
[2017.03.25-16.58.34:529][597]LogModuleManager: Shutting down and abandoning module MacTargetPlatform (30)
[2017.03.25-16.58.34:529][597]LogModuleManager: Shutting down and abandoning module MacServerTargetPlatform (29)
[2017.03.25-16.58.34:529][597]LogModuleManager: Shutting down and abandoning module MacNoEditorTargetPlatform (28)
[2017.03.25-16.58.34:529][597]LogModuleManager: Shutting down and abandoning module MacClientTargetPlatform (27)
[2017.03.25-16.58.34:529][597]LogModuleManager: Shutting down and abandoning module AllDesktopTargetPlatform (26)
[2017.03.25-16.58.34:529][597]LogModuleManager: Shutting down and abandoning module TargetPlatform (25)
[2017.03.25-16.58.34:529][597]LogModuleManager: Shutting down and abandoning module InputCore (24)
[2017.03.25-16.58.34:529][597]LogModuleManager: Shutting down and abandoning module Settings (23)
[2017.03.25-16.58.34:529][597]LogModuleManager: Shutting down and abandoning module OculusRift (22)
[2017.03.25-16.58.34:715][597]LogModuleManager: Shutting down and abandoning module ExampleDeviceProfileSelector (21)
[2017.03.25-16.58.34:715][597]LogModuleManager: Shutting down and abandoning module OnlineBlueprintSupport (20)
[2017.03.25-16.58.34:715][597]LogModuleManager: Shutting down and abandoning module OnlineSubsystem (18)
[2017.03.25-16.58.34:715][597]LogOnline:Display: Unloading online subsystem: NULL
[2017.03.25-16.58.34:928][597]LogModuleManager: Shutting down and abandoning module SSL (17)
[2017.03.25-16.58.34:964][597]LogModuleManager: Shutting down and abandoning module HTTP (16)
[2017.03.25-16.58.34:964][597]LogModuleManager: Shutting down and abandoning module XMPP (15)
[2017.03.25-16.58.35:063][597]LogModuleManager: Shutting down and abandoning module TextureCompressor (14)
[2017.03.25-16.58.35:139][597]LogModuleManager: Shutting down and abandoning module ShaderCore (13)
[2017.03.25-16.58.35:139][597]LogModuleManager: Shutting down and abandoning module Landscape (12)
[2017.03.25-16.58.35:139][597]LogModuleManager: Shutting down and abandoning module SlateRHIRenderer (11)
[2017.03.25-16.58.35:405][597]LogModuleManager: Shutting down and abandoning module OpenGLDrv (10)
[2017.03.25-16.58.35:478][597]LogModuleManager: Shutting down and abandoning module D3D11RHI (9)
[2017.03.25-16.58.35:478][597]LogModuleManager: Shutting down and abandoning module AnimGraphRuntime (8)
[2017.03.25-16.58.35:526][597]LogModuleManager: Shutting down and abandoning module Renderer (7)
[2017.03.25-16.58.35:589][597]LogModuleManager: Shutting down and abandoning module Engine (6)
[2017.03.25-16.58.35:589][597]LogModuleManager: Shutting down and abandoning module CoreUObject (5)
[2017.03.25-16.58.35:589][597]LogModuleManager: Shutting down and abandoning module NetworkFile (4)
[2017.03.25-16.58.35:647][597]LogModuleManager: Shutting down and abandoning module StreamingFile (3)
[2017.03.25-16.58.35:703][597]LogModuleManager: Shutting down and abandoning module SandboxFile (2)
[2017.03.25-16.58.35:765][597]LogModuleManager: Shutting down and abandoning module PakFile (1)
[2017.03.25-16.58.35:828][597]LogExit: Exiting.
[2017.03.25-16.58.35:902][597]Log file closed, 03/25/17 16:58:35
